<?xml version="1.0" encoding="UTF-8"?>
<!-- Generated by org.testng.reporters.JUnitReportReporter -->
<testsuite hostname="Aseem-Laptop" failures="0" tests="1" name="Practice.Practice1" time="7.003" errors="0" timestamp="2024-06-08T10:32:23 IST" skipped="0">
  <testcase classname="Practice.Practice1" name="test" time="7.003"/>
  <system-out/>
</testsuite> <!-- Practice.Practice1 -->
