<?xml version="1.0" encoding="UTF-8"?>
<!-- Generated by org.testng.reporters.JUnitReportReporter -->
<testsuite hostname="Aseem-Laptop" failures="0" tests="1" name="Qspider.Tests.TC_01_LoginVtigerTest" time="3.779" errors="0" timestamp="2024-07-07T01:45:16 IST" skipped="0">
  <testcase classname="Qspider.Tests.TC_01_LoginVtigerTest" name="validateLoginPageTitlLogo" time="3.779"/>
  <system-out/>
</testsuite> <!-- Qspider.Tests.TC_01_LoginVtigerTest -->
