<?xml version="1.0" encoding="UTF-8"?>
<!-- Generated by org.testng.reporters.JUnitReportReporter -->
<testsuite hostname="Aseem-Laptop" failures="0" tests="1" name="Practice.Qspider.CreateContacts" time="23.493" errors="0" timestamp="2024-03-06T12:44:53 IST" skipped="0">
  <testcase classname="Practice.Qspider.CreateContacts" name="main1" time="23.493"/>
  <system-out/>
</testsuite> <!-- Practice.Qspider.CreateContacts -->
