<?xml version="1.0" encoding="UTF-8"?>
<!-- Generated by org.testng.reporters.JUnitReportReporter -->
<testsuite hostname="Aseem-Laptop" failures="0" tests="7" name="Qspider.Tests.TC_01_LoginVtigerTest" time="31.387" errors="0" timestamp="2024-03-15T12:07:52 IST" skipped="0">
  <testcase classname="Qspider.Tests.TC_01_LoginVtigerTest" name="testLoginWithAllCombinationOfCredentials" time="3.454"/>
  <system-out/>
  <testcase classname="Qspider.Tests.TC_01_LoginVtigerTest" name="testLoginWithAllCombinationOfCredentials" time="3.669"/>
  <system-out/>
  <testcase classname="Qspider.Tests.TC_01_LoginVtigerTest" name="testLoginWithAllCombinationOfCredentials" time="3.318"/>
  <system-out/>
  <testcase classname="Qspider.Tests.TC_01_LoginVtigerTest" name="testLoginWithAllCombinationOfCredentials" time="9.251"/>
  <system-out/>
  <testcase classname="Qspider.Tests.TC_01_LoginVtigerTest" name="validateLoginPageTitle" time="1.954"/>
  <system-out/>
  <testcase classname="Qspider.Tests.TC_01_LoginVtigerTest" name="validateLoginPageTitlLogo" time="1.753"/>
  <system-out/>
  <testcase classname="Qspider.Tests.TC_01_LoginVtigerTest" name="testLoginWithValidCredentials" time="7.988"/>
  <system-out/>
</testsuite> <!-- Qspider.Tests.TC_01_LoginVtigerTest -->
