<?xml version="1.0" encoding="UTF-8"?>
<!-- Generated by org.testng.reporters.JUnitReportReporter -->
<testsuite hostname="Aseem-Laptop" failures="0" tests="4" name="Qspider.Tests.TC_02_CreateContactsTest" time="77.459" errors="0" timestamp="2024-07-05T19:31:06 IST" skipped="0">
  <testcase classname="Qspider.Tests.TC_02_CreateContactsTest" name="testCreateNewContacts" time="19.537"/>
  <system-out/>
  <testcase classname="Qspider.Tests.TC_02_CreateContactsTest" name="testCreateNewContacts" time="19.356"/>
  <system-out/>
  <testcase classname="Qspider.Tests.TC_02_CreateContactsTest" name="testCreateNewContacts" time="19.874"/>
  <system-out/>
  <testcase classname="Qspider.Tests.TC_02_CreateContactsTest" name="testCreateNewContacts" time="18.692"/>
  <system-out/>
</testsuite> <!-- Qspider.Tests.TC_02_CreateContactsTest -->
