<?xml version="1.0" encoding="UTF-8"?>
<!-- Generated by org.testng.reporters.JUnitReportReporter -->
<testsuite hostname="ASEEMK-WIN10" failures="0" tests="1" name="GBL.GblLoginTest" time="32.499" errors="0" timestamp="2024-09-11T10:36:53 IST" skipped="0">
  <testcase classname="GBL.GblLoginTest" name="loginTest" time="32.499"/>
  <system-out/>
</testsuite> <!-- GBL.GblLoginTest -->
