<?xml version="1.0" encoding="UTF-8"?>
<!-- Generated by org.testng.reporters.JUnitReportReporter -->
<testsuite hostname="Aseem-Laptop" failures="0" tests="1" name="genericUtilities.BaseClass" time="5.672" errors="0" timestamp="2024-03-06T23:54:44 IST" skipped="0">
  <testcase classname="genericUtilities.BaseClass" name="login" time="5.672"/>
  <system-out/>
</testsuite> <!-- genericUtilities.BaseClass -->
