<?xml version="1.0" encoding="UTF-8"?>
<!-- Generated by org.testng.reporters.JUnitReportReporter -->
<testsuite hostname="Aseem-Laptop" failures="0" tests="8" name="Qspider.Tests.TC_02_CreateContactsTest" time="147.393" errors="0" timestamp="2024-07-07T17:37:07 IST" skipped="0">
  <testcase classname="Qspider.Tests.TC_02_CreateContactsTest" name="testCreateNewContactsWithLeadSource" time="18.661"/>
  <system-out/>
  <testcase classname="Qspider.Tests.TC_02_CreateContactsTest" name="testCreateNewContacts" time="18.128"/>
  <system-out/>
  <testcase classname="Qspider.Tests.TC_02_CreateContactsTest" name="testCreateNewContacts" time="17.872"/>
  <system-out/>
  <testcase classname="Qspider.Tests.TC_02_CreateContactsTest" name="testCreateNewContacts" time="18.128"/>
  <system-out/>
  <testcase classname="Qspider.Tests.TC_02_CreateContactsTest" name="testCreateNewContactsWithLeadSource" time="18.797"/>
  <system-out/>
  <testcase classname="Qspider.Tests.TC_02_CreateContactsTest" name="testCreateNewContacts" time="18.585"/>
  <system-out/>
  <testcase classname="Qspider.Tests.TC_02_CreateContactsTest" name="testCreateNewContactsWithLeadSource" time="18.496"/>
  <system-out/>
  <testcase classname="Qspider.Tests.TC_02_CreateContactsTest" name="testCreateNewContactsWithLeadSource" time="18.726"/>
  <system-out/>
</testsuite> <!-- Qspider.Tests.TC_02_CreateContactsTest -->
