<?xml version="1.0" encoding="UTF-8"?>
<!-- Generated by org.testng.reporters.JUnitReportReporter -->
<testsuite hostname="Aseem-Laptop" failures="0" tests="4" name="Qspider.Tests.TC_01_LoginVtigerTest" time="18.772" errors="0" timestamp="2024-07-07T16:58:15 IST" skipped="0">
  <testcase classname="Qspider.Tests.TC_01_LoginVtigerTest" name="testLoginWithAllCombinationOfCredentials" time="3.377"/>
  <system-out/>
  <testcase classname="Qspider.Tests.TC_01_LoginVtigerTest" name="testLoginWithAllCombinationOfCredentials" time="8.391"/>
  <system-out/>
  <testcase classname="Qspider.Tests.TC_01_LoginVtigerTest" name="testLoginWithAllCombinationOfCredentials" time="3.738"/>
  <system-out/>
  <testcase classname="Qspider.Tests.TC_01_LoginVtigerTest" name="testLoginWithAllCombinationOfCredentials" time="3.266"/>
  <system-out/>
</testsuite> <!-- Qspider.Tests.TC_01_LoginVtigerTest -->
