<?xml version="1.0" encoding="UTF-8"?>
<!-- Generated by org.testng.reporters.JUnitReportReporter -->
<testsuite hostname="Aseem-Laptop" failures="0" tests="4" name="Qspider.Tests.TC_02_CreateContactsTest" time="86.348" errors="0" timestamp="2024-03-14T16:55:30 IST" skipped="0">
  <testcase classname="Qspider.Tests.TC_02_CreateContactsTest" name="testCreateContacts" time="32.243"/>
  <system-out/>
  <testcase classname="Qspider.Tests.TC_02_CreateContactsTest" name="testCreateContacts" time="16.986"/>
  <system-out/>
  <testcase classname="Qspider.Tests.TC_02_CreateContactsTest" name="testCreateContacts" time="17.064"/>
  <system-out/>
  <testcase classname="Qspider.Tests.TC_02_CreateContactsTest" name="testCreateContacts" time="20.055"/>
  <system-out/>
</testsuite> <!-- Qspider.Tests.TC_02_CreateContactsTest -->
