<?xml version="1.0" encoding="UTF-8"?>
<!-- Generated by org.testng.reporters.JUnitReportReporter -->
<testsuite hostname="Aseem-Laptop" failures="0" tests="8" name="Qspider.Tests.TC_02_CreateContactsTest" time="148.672" errors="0" timestamp="2024-07-07T20:30:17 IST" skipped="0">
  <testcase classname="Qspider.Tests.TC_02_CreateContactsTest" name="testCreateNewContacts" time="17.883"/>
  <system-out/>
  <testcase classname="Qspider.Tests.TC_02_CreateContactsTest" name="testCreateNewContactsWithLeadSource" time="19.052"/>
  <system-out/>
  <testcase classname="Qspider.Tests.TC_02_CreateContactsTest" name="testCreateNewContacts" time="18.810"/>
  <system-out/>
  <testcase classname="Qspider.Tests.TC_02_CreateContactsTest" name="testCreateNewContactsWithLeadSource" time="18.796"/>
  <system-out/>
  <testcase classname="Qspider.Tests.TC_02_CreateContactsTest" name="testCreateNewContacts" time="18.283"/>
  <system-out/>
  <testcase classname="Qspider.Tests.TC_02_CreateContactsTest" name="testCreateNewContacts" time="18.602"/>
  <system-out/>
  <testcase classname="Qspider.Tests.TC_02_CreateContactsTest" name="testCreateNewContactsWithLeadSource" time="18.359"/>
  <system-out/>
  <testcase classname="Qspider.Tests.TC_02_CreateContactsTest" name="testCreateNewContactsWithLeadSource" time="18.887"/>
  <system-out/>
</testsuite> <!-- Qspider.Tests.TC_02_CreateContactsTest -->
