<?xml version="1.0" encoding="UTF-8"?>
<!-- Generated by org.testng.reporters.JUnitReportReporter -->
<testsuite hostname="Aseem-Laptop" failures="0" tests="1" name="Qspider.Tests.TC_01_LoginVtiger2" time="8.364" errors="0" timestamp="2024-03-12T14:13:40 IST" skipped="0">
  <testcase classname="Qspider.Tests.TC_01_LoginVtiger2" name="testLoginVtiger" time="8.364"/>
  <system-out/>
</testsuite> <!-- Qspider.Tests.TC_01_LoginVtiger2 -->
