<?xml version="1.0" encoding="UTF-8"?>
<!-- Generated by org.testng.reporters.JUnitReportReporter -->
<testsuite hostname="Aseem-Laptop" failures="0" tests="7" name="Qspider.Tests.TC_01_LoginVtigerTest" time="33.979" errors="0" timestamp="2024-04-03T09:57:59 IST" skipped="0">
  <testcase classname="Qspider.Tests.TC_01_LoginVtigerTest" name="testLoginWithAllCombinationOfCredentials" time="4.060"/>
  <system-out/>
  <testcase classname="Qspider.Tests.TC_01_LoginVtigerTest" name="testLoginWithAllCombinationOfCredentials" time="3.706"/>
  <system-out/>
  <testcase classname="Qspider.Tests.TC_01_LoginVtigerTest" name="testLoginWithAllCombinationOfCredentials" time="8.317"/>
  <system-out/>
  <testcase classname="Qspider.Tests.TC_01_LoginVtigerTest" name="testLoginWithAllCombinationOfCredentials" time="4.063"/>
  <system-out/>
  <testcase classname="Qspider.Tests.TC_01_LoginVtigerTest" name="validateLoginPageTitle" time="2.405"/>
  <system-out/>
  <testcase classname="Qspider.Tests.TC_01_LoginVtigerTest" name="validateLoginPageTitlLogo" time="2.770"/>
  <system-out/>
  <testcase classname="Qspider.Tests.TC_01_LoginVtigerTest" name="testLoginWithValidCredentials" time="8.658"/>
  <system-out/>
</testsuite> <!-- Qspider.Tests.TC_01_LoginVtigerTest -->
