<?xml version="1.0" encoding="UTF-8"?>
<!-- Generated by org.testng.reporters.JUnitReportReporter -->
<testsuite hostname="Aseem-Laptop" failures="0" tests="4" name="Qspider.Tests.TC_02_CreateContactsTest" time="72.105" errors="0" timestamp="2024-06-14T21:13:00 IST" skipped="0">
  <testcase classname="Qspider.Tests.TC_02_CreateContactsTest" name="testCreateNewContacts" time="18.202"/>
  <system-out/>
  <testcase classname="Qspider.Tests.TC_02_CreateContactsTest" name="testCreateNewContacts" time="17.980"/>
  <system-out/>
  <testcase classname="Qspider.Tests.TC_02_CreateContactsTest" name="testCreateNewContacts" time="17.723"/>
  <system-out/>
  <testcase classname="Qspider.Tests.TC_02_CreateContactsTest" name="testCreateNewContacts" time="18.200"/>
  <system-out/>
</testsuite> <!-- Qspider.Tests.TC_02_CreateContactsTest -->
