<?xml version="1.0" encoding="UTF-8"?>
<!-- Generated by org.testng.reporters.JUnitReportReporter -->
<testsuite hostname="Aseem-Laptop" failures="0" tests="1" name="Qspider.Tests.TC_01_LoginVtigerTest" time="9.591" errors="0" timestamp="2024-07-08T23:53:50 IST" skipped="0">
  <testcase classname="Qspider.Tests.TC_01_LoginVtigerTest" name="testLoginWithValidCredentials" time="9.591"/>
  <system-out/>
</testsuite> <!-- Qspider.Tests.TC_01_LoginVtigerTest -->
