<?xml version="1.0" encoding="UTF-8"?>
<!-- Generated by org.testng.reporters.JUnitReportReporter -->
<testsuite hostname="Aseem-Laptop" failures="0" tests="4" name="Qspider.Tests.TC_03_CreateContactsWithLeadSource" time="68.193" errors="0" timestamp="2024-03-15T12:33:29 IST" skipped="0">
  <testcase classname="Qspider.Tests.TC_03_CreateContactsWithLeadSource" name="testCreateContactsWithLeadSource" time="17.565"/>
  <system-out/>
  <testcase classname="Qspider.Tests.TC_03_CreateContactsWithLeadSource" name="testCreateContactsWithLeadSource" time="16.730"/>
  <system-out/>
  <testcase classname="Qspider.Tests.TC_03_CreateContactsWithLeadSource" name="testCreateContactsWithLeadSource" time="17.069"/>
  <system-out/>
  <testcase classname="Qspider.Tests.TC_03_CreateContactsWithLeadSource" name="testCreateContactsWithLeadSource" time="16.829"/>
  <system-out/>
</testsuite> <!-- Qspider.Tests.TC_03_CreateContactsWithLeadSource -->
