<?xml version="1.0" encoding="UTF-8"?>
<!-- Generated by org.testng.reporters.JUnitReportReporter -->
<testsuite hostname="Aseem-Laptop" failures="0" tests="1" name="Practice.Qspider.LoginApplication" time="2.397" errors="0" timestamp="2024-03-06T12:24:55 IST" skipped="0">
  <testcase classname="Practice.Qspider.LoginApplication" name="login" time="2.397"/>
  <system-out/>
</testsuite> <!-- Practice.Qspider.LoginApplication -->
